<?xml version="1.0" encoding="UTF-8"?>
<!-- Generated by org.testng.reporters.JUnitXMLReporter -->
<testsuite ignored="0" hostname="DESKTOP-8QILJ2A" failures="5" tests="5" name="HomepageTests" time="11.615" errors="0" timestamp="2025-06-08T23:53:30 IST">
  <testcase classname="io.cucumber.testng.AbstractTestNGCucumberTests" name="runScenario" time="10.853">
    <failure type="java.lang.AssertionError" message="Expected: Jaguar Land Rover, but got: JLR Corporate Website expected [true] but found [false]">
      <![CDATA[java.lang.AssertionError: Expected: Jaguar Land Rover, but got: JLR Corporate Website expected [true] but found [false]
at stepDefinitions.HomePageSteps.verifyTitle(HomePageSteps.java:24)
at ✽.page title should contain "Jaguar Land Rover"(file:///C:/Users/USER/Documents/JLR_UI_Assignment/src/test/resources/features/homePage.feature:5)
... Removed 3 stack frames]]>
    </failure>
  </testcase> <!-- runScenario -->
  <testcase classname="io.cucumber.testng.AbstractTestNGCucumberTests" name="runScenario" time="0.1">
    <failure type="io.cucumber.testng.UndefinedStepException" message="The step &amp;apos;Logo is displayed&amp;apos; is undefined.
You can implement this step using the snippet(s) below:

@Then(&amp;quot;Logo is displayed&amp;quot;)
public void logo_is_displayed() {
    // Write code here that turns the phrase above into concrete actions
    throw new io.cucumber.java.PendingException();
}
">
      <![CDATA[io.cucumber.testng.UndefinedStepException: The step 'Logo is displayed' is undefined.
You can implement this step using the snippet(s) below:

@Then("Logo is displayed")
public void logo_is_displayed() {
    // Write code here that turns the phrase above into concrete actions
    throw new io.cucumber.java.PendingException();
}

at io.cucumber.core.runtime.TestCaseResultObserver.assertTestCasePassed(TestCaseResultObserver.java:69)
at io.cucumber.testng.TestCaseResultObserver.assertTestCasePassed(TestCaseResultObserver.java:23)
at io.cucumber.testng.TestNGCucumberRunner.lambda$runScenario$1(TestNGCucumberRunner.java:133)
at io.cucumber.core.runtime.CucumberExecutionContext.lambda$runTestCase$5(CucumberExecutionContext.java:137)
at io.cucumber.core.runtime.RethrowingThrowableCollector.executeAndThrow(RethrowingThrowableCollector.java:23)
at io.cucumber.core.runtime.CucumberExecutionContext.runTestCase(CucumberExecutionContext.java:137)
at io.cucumber.testng.TestNGCucumberRunner.runScenario(TestNGCucumberRunner.java:129)
at io.cucumber.testng.AbstractTestNGCucumberTests.runScenario(AbstractTestNGCucumberTests.java:35)
at java.base/java.util.ArrayList.forEach(ArrayList.java:1596)
... Removed 25 stack frames]]>
    </failure>
  </testcase> <!-- runScenario -->
  <testcase classname="io.cucumber.testng.AbstractTestNGCucumberTests" name="runScenario" time="0.015">
    <failure type="java.lang.NullPointerException" message="Cannot invoke &amp;quot;pages.HomePage.navCount()&amp;quot; because &amp;quot;this.home&amp;quot; is null">
      <![CDATA[java.lang.NullPointerException: Cannot invoke "pages.HomePage.navCount()" because "this.home" is null
at stepDefinitions.HomePageSteps.navLinks(HomePageSteps.java:34)
at ✽.header navigation links count is greater than 0(file:///C:/Users/USER/Documents/JLR_UI_Assignment/src/test/resources/features/homePage.feature:11)
]]>
    </failure>
  </testcase> <!-- runScenario -->
  <testcase classname="io.cucumber.testng.AbstractTestNGCucumberTests" name="runScenario" time="0.017">
    <failure type="java.lang.NullPointerException" message="Cannot invoke &amp;quot;pages.HomePage.isBannerVisible()&amp;quot; because &amp;quot;this.home&amp;quot; is null">
      <![CDATA[java.lang.NullPointerException: Cannot invoke "pages.HomePage.isBannerVisible()" because "this.home" is null
at stepDefinitions.HomePageSteps.bannerVisible(HomePageSteps.java:39)
at ✽.hero banner is displayed(file:///C:/Users/USER/Documents/JLR_UI_Assignment/src/test/resources/features/homePage.feature:14)
]]>
    </failure>
  </testcase> <!-- runScenario -->
  <testcase classname="io.cucumber.testng.AbstractTestNGCucumberTests" name="runScenario" time="0.016">
    <failure type="java.lang.NullPointerException" message="Cannot invoke &amp;quot;pages.HomePage.footerCount()&amp;quot; because &amp;quot;this.home&amp;quot; is null">
      <![CDATA[java.lang.NullPointerException: Cannot invoke "pages.HomePage.footerCount()" because "this.home" is null
at stepDefinitions.HomePageSteps.footerLinks(HomePageSteps.java:44)
at ✽.footer links count is greater than 0(file:///C:/Users/USER/Documents/JLR_UI_Assignment/src/test/resources/features/homePage.feature:17)
]]>
    </failure>
  </testcase> <!-- runScenario -->
</testsuite> <!-- HomepageTests -->
