<?xml version="1.0" encoding="UTF-8"?>
<testng-results ignored="0" total="5" passed="0" failed="5" skipped="0">
  <reporter-output>
  </reporter-output>
  <suite started-at="2025-06-08T23:53:19 IST" name="JLR_Test_Suite" finished-at="2025-06-08T23:53:30 IST" duration-ms="11615">
    <groups>
      <group name="cucumber">
        <method signature="AbstractTestNGCucumberTests.runScenario(io.cucumber.testng.PickleWrapper,io.cucumber.testng.FeatureWrapper)[pri:0, instance:runners.TestRunner@20d525]" name="runScenario" class="io.cucumber.testng.AbstractTestNGCucumberTests"/>
      </group> <!-- cucumber -->
    </groups>
    <test started-at="2025-06-08T23:53:19 IST" name="HomepageTests" finished-at="2025-06-08T23:53:30 IST" duration-ms="11615">
      <class name="runners.TestRunner">
        <test-method is-config="true" signature="setUpClass(org.testng.ITestContext)[pri:0, instance:runners.TestRunner@20d525]" started-at="2025-06-08T23:53:19 IST" name="setUpClass" finished-at="2025-06-08T23:53:19 IST" duration-ms="424" status="PASS">
          <params>
            <param index="0">
              <value>
                <![CDATA[org.testng.TestRunner@18ac53e8]]>
              </value>
            </param>
          </params>
          <reporter-output>
          </reporter-output>
        </test-method> <!-- setUpClass -->
        <test-method is-config="true" signature="beforeAll()[pri:0, instance:runners.TestRunner@20d525]" started-at="2025-06-08T23:53:19 IST" name="beforeAll" finished-at="2025-06-08T23:53:19 IST" duration-ms="2" status="PASS">
          <reporter-output>
          </reporter-output>
        </test-method> <!-- beforeAll -->
        <test-method signature="runScenario(io.cucumber.testng.PickleWrapper,io.cucumber.testng.FeatureWrapper)[pri:0, instance:runners.TestRunner@20d525]" started-at="2025-06-08T23:53:19 IST" name="runScenario" description="Runs Cucumber Scenarios" data-provider="scenarios" finished-at="2025-06-08T23:53:30 IST" duration-ms="10853" status="FAIL">
          <params>
            <param index="0">
              <value>
                <![CDATA["Verify homePage title"]]>
              </value>
            </param>
            <param index="1">
              <value>
                <![CDATA["jaguar Land Rover HomePage"]]>
              </value>
            </param>
          </params>
          <exception class="java.lang.AssertionError">
            <message>
              <![CDATA[Expected: Jaguar Land Rover, but got: JLR Corporate Website expected [true] but found [false]]]>
            </message>
            <full-stacktrace>
              <![CDATA[java.lang.AssertionError: Expected: Jaguar Land Rover, but got: JLR Corporate Website expected [true] but found [false]
at org.testng.Assert.fail(Assert.java:111)
at org.testng.Assert.failNotEquals(Assert.java:1578)
at org.testng.Assert.assertTrue(Assert.java:57)
at stepDefinitions.HomePageSteps.verifyTitle(HomePageSteps.java:24)
at ✽.page title should contain "Jaguar Land Rover"(file:///C:/Users/USER/Documents/JLR_UI_Assignment/src/test/resources/features/homePage.feature:5)
]]>
            </full-stacktrace>
          </exception> <!-- java.lang.AssertionError -->
          <reporter-output>
          </reporter-output>
        </test-method> <!-- runScenario -->
        <test-method signature="runScenario(io.cucumber.testng.PickleWrapper,io.cucumber.testng.FeatureWrapper)[pri:0, instance:runners.TestRunner@20d525]" started-at="2025-06-08T23:53:30 IST" name="runScenario" description="Runs Cucumber Scenarios" data-provider="scenarios" finished-at="2025-06-08T23:53:30 IST" duration-ms="100" status="FAIL">
          <params>
            <param index="0">
              <value>
                <![CDATA["Logo should be visible"]]>
              </value>
            </param>
            <param index="1">
              <value>
                <![CDATA["jaguar Land Rover HomePage"]]>
              </value>
            </param>
          </params>
          <exception class="io.cucumber.testng.UndefinedStepException">
            <message>
              <![CDATA[The step 'Logo is displayed' is undefined.
You can implement this step using the snippet(s) below:

@Then("Logo is displayed")
public void logo_is_displayed() {
    // Write code here that turns the phrase above into concrete actions
    throw new io.cucumber.java.PendingException();
}
]]>
            </message>
            <full-stacktrace>
              <![CDATA[io.cucumber.testng.UndefinedStepException: The step 'Logo is displayed' is undefined.
You can implement this step using the snippet(s) below:

@Then("Logo is displayed")
public void logo_is_displayed() {
    // Write code here that turns the phrase above into concrete actions
    throw new io.cucumber.java.PendingException();
}

at io.cucumber.core.runtime.TestCaseResultObserver.assertTestCasePassed(TestCaseResultObserver.java:69)
at io.cucumber.testng.TestCaseResultObserver.assertTestCasePassed(TestCaseResultObserver.java:23)
at io.cucumber.testng.TestNGCucumberRunner.lambda$runScenario$1(TestNGCucumberRunner.java:133)
at io.cucumber.core.runtime.CucumberExecutionContext.lambda$runTestCase$5(CucumberExecutionContext.java:137)
at io.cucumber.core.runtime.RethrowingThrowableCollector.executeAndThrow(RethrowingThrowableCollector.java:23)
at io.cucumber.core.runtime.CucumberExecutionContext.runTestCase(CucumberExecutionContext.java:137)
at io.cucumber.testng.TestNGCucumberRunner.runScenario(TestNGCucumberRunner.java:129)
at io.cucumber.testng.AbstractTestNGCucumberTests.runScenario(AbstractTestNGCucumberTests.java:35)
at java.base/jdk.internal.reflect.DirectMethodHandleAccessor.invoke(DirectMethodHandleAccessor.java:103)
at java.base/java.lang.reflect.Method.invoke(Method.java:580)
at org.testng.internal.invokers.MethodInvocationHelper.invokeMethod(MethodInvocationHelper.java:141)
at org.testng.internal.invokers.TestInvoker.invokeMethod(TestInvoker.java:686)
at org.testng.internal.invokers.TestInvoker.invokeTestMethod(TestInvoker.java:230)
at org.testng.internal.invokers.MethodRunner.runInSequence(MethodRunner.java:63)
at org.testng.internal.invokers.TestInvoker$MethodInvocationAgent.invoke(TestInvoker.java:992)
at org.testng.internal.invokers.TestInvoker.invokeTestMethods(TestInvoker.java:203)
at org.testng.internal.invokers.TestMethodWorker.invokeTestMethods(TestMethodWorker.java:154)
at org.testng.internal.invokers.TestMethodWorker.run(TestMethodWorker.java:134)
at java.base/java.util.ArrayList.forEach(ArrayList.java:1596)
at org.testng.TestRunner.privateRun(TestRunner.java:739)
at org.testng.TestRunner.run(TestRunner.java:614)
at org.testng.SuiteRunner.runTest(SuiteRunner.java:421)
at org.testng.SuiteRunner.runSequentially(SuiteRunner.java:413)
at org.testng.SuiteRunner.privateRun(SuiteRunner.java:373)
at org.testng.SuiteRunner.run(SuiteRunner.java:312)
at org.testng.SuiteRunnerWorker.runSuite(SuiteRunnerWorker.java:52)
at org.testng.SuiteRunnerWorker.run(SuiteRunnerWorker.java:95)
at org.testng.TestNG.runSuitesSequentially(TestNG.java:1274)
at org.testng.TestNG.runSuitesLocally(TestNG.java:1208)
at org.testng.TestNG.runSuites(TestNG.java:1112)
at org.testng.TestNG.run(TestNG.java:1079)
at org.testng.remote.AbstractRemoteTestNG.run(AbstractRemoteTestNG.java:115)
at org.testng.remote.RemoteTestNG.initAndRun(RemoteTestNG.java:293)
at org.testng.remote.RemoteTestNG.main(RemoteTestNG.java:91)
]]>
            </full-stacktrace>
          </exception> <!-- io.cucumber.testng.UndefinedStepException -->
          <reporter-output>
          </reporter-output>
        </test-method> <!-- runScenario -->
        <test-method signature="runScenario(io.cucumber.testng.PickleWrapper,io.cucumber.testng.FeatureWrapper)[pri:0, instance:runners.TestRunner@20d525]" started-at="2025-06-08T23:53:30 IST" name="runScenario" description="Runs Cucumber Scenarios" data-provider="scenarios" finished-at="2025-06-08T23:53:30 IST" duration-ms="15" status="FAIL">
          <params>
            <param index="0">
              <value>
                <![CDATA["Header nav links should load"]]>
              </value>
            </param>
            <param index="1">
              <value>
                <![CDATA["jaguar Land Rover HomePage"]]>
              </value>
            </param>
          </params>
          <exception class="java.lang.NullPointerException">
            <message>
              <![CDATA[Cannot invoke "pages.HomePage.navCount()" because "this.home" is null]]>
            </message>
            <full-stacktrace>
              <![CDATA[java.lang.NullPointerException: Cannot invoke "pages.HomePage.navCount()" because "this.home" is null
at stepDefinitions.HomePageSteps.navLinks(HomePageSteps.java:34)
at ✽.header navigation links count is greater than 0(file:///C:/Users/USER/Documents/JLR_UI_Assignment/src/test/resources/features/homePage.feature:11)
]]>
            </full-stacktrace>
          </exception> <!-- java.lang.NullPointerException -->
          <reporter-output>
          </reporter-output>
        </test-method> <!-- runScenario -->
        <test-method signature="runScenario(io.cucumber.testng.PickleWrapper,io.cucumber.testng.FeatureWrapper)[pri:0, instance:runners.TestRunner@20d525]" started-at="2025-06-08T23:53:30 IST" name="runScenario" description="Runs Cucumber Scenarios" data-provider="scenarios" finished-at="2025-06-08T23:53:30 IST" duration-ms="17" status="FAIL">
          <params>
            <param index="0">
              <value>
                <![CDATA["Hero banner should be visible"]]>
              </value>
            </param>
            <param index="1">
              <value>
                <![CDATA["jaguar Land Rover HomePage"]]>
              </value>
            </param>
          </params>
          <exception class="java.lang.NullPointerException">
            <message>
              <![CDATA[Cannot invoke "pages.HomePage.isBannerVisible()" because "this.home" is null]]>
            </message>
            <full-stacktrace>
              <![CDATA[java.lang.NullPointerException: Cannot invoke "pages.HomePage.isBannerVisible()" because "this.home" is null
at stepDefinitions.HomePageSteps.bannerVisible(HomePageSteps.java:39)
at ✽.hero banner is displayed(file:///C:/Users/USER/Documents/JLR_UI_Assignment/src/test/resources/features/homePage.feature:14)
]]>
            </full-stacktrace>
          </exception> <!-- java.lang.NullPointerException -->
          <reporter-output>
          </reporter-output>
        </test-method> <!-- runScenario -->
        <test-method signature="runScenario(io.cucumber.testng.PickleWrapper,io.cucumber.testng.FeatureWrapper)[pri:0, instance:runners.TestRunner@20d525]" started-at="2025-06-08T23:53:30 IST" name="runScenario" description="Runs Cucumber Scenarios" data-provider="scenarios" finished-at="2025-06-08T23:53:30 IST" duration-ms="16" status="FAIL">
          <params>
            <param index="0">
              <value>
                <![CDATA["Footer links should load"]]>
              </value>
            </param>
            <param index="1">
              <value>
                <![CDATA["jaguar Land Rover HomePage"]]>
              </value>
            </param>
          </params>
          <exception class="java.lang.NullPointerException">
            <message>
              <![CDATA[Cannot invoke "pages.HomePage.footerCount()" because "this.home" is null]]>
            </message>
            <full-stacktrace>
              <![CDATA[java.lang.NullPointerException: Cannot invoke "pages.HomePage.footerCount()" because "this.home" is null
at stepDefinitions.HomePageSteps.footerLinks(HomePageSteps.java:44)
at ✽.footer links count is greater than 0(file:///C:/Users/USER/Documents/JLR_UI_Assignment/src/test/resources/features/homePage.feature:17)
]]>
            </full-stacktrace>
          </exception> <!-- java.lang.NullPointerException -->
          <reporter-output>
          </reporter-output>
        </test-method> <!-- runScenario -->
        <test-method is-config="true" signature="afterAll()[pri:0, instance:runners.TestRunner@20d525]" started-at="2025-06-08T23:53:30 IST" name="afterAll" finished-at="2025-06-08T23:53:30 IST" duration-ms="0" status="PASS">
          <reporter-output>
          </reporter-output>
        </test-method> <!-- afterAll -->
        <test-method is-config="true" signature="tearDownClass()[pri:0, instance:runners.TestRunner@20d525]" started-at="2025-06-08T23:53:30 IST" name="tearDownClass" finished-at="2025-06-08T23:53:30 IST" duration-ms="108" status="PASS">
          <reporter-output>
          </reporter-output>
        </test-method> <!-- tearDownClass -->
      </class> <!-- runners.TestRunner -->
    </test> <!-- HomepageTests -->
  </suite> <!-- JLR_Test_Suite -->
</testng-results>
